<?xml version="1.0" encoding="UTF-8"?>
<testsuite xmlns:xsi="http://www.w3.org/2001/XMLSchema-instance" xsi:noNamespaceSchemaLocation="https://maven.apache.org/surefire/maven-surefire-plugin/xsd/surefire-test-report-3.0.xsd" version="3.0" name="CCR.Dockerfile.Project.DockerfileProjectApplicationTests" time="6.319" tests="1" errors="0" skipped="0" failures="0">
  <properties>
[...]
</properties>
  <testcase name="contextLoads" classname="CCR.Dockerfile.Project.DockerfileProjectApplicationTests" time="2.656">
    <system-out><![CDATA[20:19:37.454 [main] INFO org.springframework.test.context.support.AnnotationConfigContextLoaderUtils -- Could not detect default configuration classes for test class [CCR.Dockerfile.Project.DockerfileProjectApplicationTests]: DockerfileProjectApplicationTests does not declare any static, non-private, non-final, nested classes annotated with @Configuration.
20:19:37.802 [main] INFO org.springframework.boot.test.context.SpringBootTestContextBootstrapper -- Found @SpringBootConfiguration CCR.Dockerfile.Project.DockerfileProjectApplication for test class CCR.Dockerfile.Project.DockerfileProjectApplicationTests

  .   ____          _            __ _ _
 /\\ / ___'_ __ _ _(_)_ __  __ _ \ \ \ \
( ( )\___ | '_ | '_| | '_ \/ _` | \ \ \ \
 \\/  ___)| |_)| | | | | || (_| |  ) ) ) )
  '  |____| .__|_| |_|_| |_\__, | / / / /
 =========|_|==============|___/=/_/_/_/

 :: Spring Boot ::                (v3.3.3)

2024-08-31T20:19:39.087+02:00  INFO 22228 --- [Dockerfile-Project] [           main] C.D.P.DockerfileProjectApplicationTests  : Starting DockerfileProjectApplicationTests using Java 19.0.1 with PID 22228 (started by moura in C:\Users\moura\Downloads\Dockerfile Project\Dockerfile-Project)
2024-08-31T20:19:39.091+02:00  INFO 22228 --- [Dockerfile-Project] [           main] C.D.P.DockerfileProjectApplicationTests  : No active profile set, falling back to 1 default profile: "default"
2024-08-31T20:19:40.560+02:00  INFO 22228 --- [Dockerfile-Project] [           main] C.D.P.DockerfileProjectApplicationTests  : Started DockerfileProjectApplicationTests in 2.335 seconds (process running for 5.827)
]]></system-out>
  </testcase>
</testsuite>